<?xml version="1.0" encoding="UTF-8"?>
<testsuite xmlns:xsi="http://www.w3.org/2001/XMLSchema-instance" xsi:noNamespaceSchemaLocation="https://maven.apache.org/surefire/maven-surefire-plugin/xsd/surefire-test-report.xsd" version="3.0.2" name="fr.carla.shop.bdd.RunCucumberTest" time="1.775" tests="21" errors="0" skipped="0" failures="4">
  <properties>
[...]
</properties>
  <testcase name="User can access the registration form" classname="Account creation" time="0.976">
    <system-out><![CDATA[
Scenario: User can access the registration form &amp#27;[90m# features/account_creation.feature:3&amp#27;[0m
  &amp#27;[32mWhen &amp#27;[0m&amp#27;[32mthe user opens the registration form&amp#27;[0m     &amp#27;[90m# fr.carla.shop.bdd.OnlineShopStepDefinitions.theUserOpensTheRegistrationForm()&amp#27;[0m
  &amp#27;[32mThen &amp#27;[0m&amp#27;[32mthe registration form is displayed&amp#27;[0m       &amp#27;[90m# fr.carla.shop.bdd.OnlineShopStepDefinitions.theRegistrationFormIsDisplayed()&amp#27;[0m
]]></system-out>
  </testcase>
  <testcase name="User creates an account successfully" classname="Account creation" time="0.078">
    <failure message="expected: not &lt;null&gt;" type="org.opentest4j.AssertionFailedError"><![CDATA[org.opentest4j.AssertionFailedError: expected: not <null>
	at fr.carla.shop.bdd.OnlineShopStepDefinitions.anErrorIsReturned(OnlineShopStepDefinitions.java:458)
	at ✽.an error is returned(classpath:features/account_creation.feature:10)
]]></failure>
    <system-out><![CDATA[
Scenario: User creates an account successfully                                                         &amp#27;[90m# features/account_creation.feature:7&amp#27;[0m
  &amp#27;[32mGiven &amp#27;[0m&amp#27;[32mno account exists with username &amp#27;[0m&amp#27;[32m&amp#27;[1m"carla"&amp#27;[0m                                                        &amp#27;[90m# fr.carla.shop.bdd.OnlineShopStepDefinitions.noAccountExistsWithUsername(java.lang.String)&amp#27;[0m
  &amp#27;[32mWhen &amp#27;[0m&amp#27;[32mthe user creates an account with email &amp#27;[0m&amp#27;[32m&amp#27;[1m"carla@mail.com"&amp#27;[0m&amp#27;[32m, username &amp#27;[0m&amp#27;[32m&amp#27;[1m"carla"&amp#27;[0m&amp#27;[32m and password &amp#27;[0m&amp#27;[32m&amp#27;[1m"secret"&amp#27;[0m &amp#27;[90m# fr.carla.shop.bdd.OnlineShopStepDefinitions.theUserCreatesAnAccount(java.lang.String,java.lang.String,java.lang.String)&amp#27;[0m
  &amp#27;[31mThen &amp#27;[0m&amp#27;[31man error is returned&amp#27;[0m                                                                            &amp#27;[90m# fr.carla.shop.bdd.OnlineShopStepDefinitions.anErrorIsReturned()&amp#27;[0m
      &amp#27;[31morg.opentest4j.AssertionFailedError: expected: not <null>
	at org.junit.jupiter.api.AssertionFailureBuilder.build(AssertionFailureBuilder.java:152)
	at org.junit.jupiter.api.AssertionFailureBuilder.buildAndThrow(AssertionFailureBuilder.java:132)
	at org.junit.jupiter.api.AssertNotNull.failNull(AssertNotNull.java:49)
	at org.junit.jupiter.api.AssertNotNull.assertNotNull(AssertNotNull.java:35)
	at org.junit.jupiter.api.AssertNotNull.assertNotNull(AssertNotNull.java:30)
	at org.junit.jupiter.api.Assertions.assertNotNull(Assertions.java:304)
	at fr.carla.shop.bdd.OnlineShopStepDefinitions.anErrorIsReturned(OnlineShopStepDefinitions.java:458)
	at âœ½.an error is returned(classpath:features/account_creation.feature:10)
&amp#27;[0m
  &amp#27;[36mAnd &amp#27;[0m&amp#27;[36mthe confirmation message contains &amp#27;[0m&amp#27;[36m&amp#27;[1m"carla"&amp#27;[0m                                                        &amp#27;[90m# fr.carla.shop.bdd.OnlineShopStepDefinitions.theConfirmationMessageContains(java.lang.String)&amp#27;[0m
  &amp#27;[36mAnd &amp#27;[0m&amp#27;[36mthe user account is saved&amp#27;[0m                                                                        &amp#27;[90m# fr.carla.shop.bdd.OnlineShopStepDefinitions.theUserAccountIsSaved()&amp#27;[0m
]]></system-out>
  </testcase>
  <testcase name="Account creation fails when username already exists" classname="Account creation" time="0.029">
    <system-out><![CDATA[
Scenario: Account creation fails when username already exists                                          &amp#27;[90m# features/account_creation.feature:14&amp#27;[0m
  &amp#27;[32mGiven &amp#27;[0m&amp#27;[32man account already exists with username &amp#27;[0m&amp#27;[32m&amp#27;[1m"carla"&amp#27;[0m                                                &amp#27;[90m# fr.carla.shop.bdd.OnlineShopStepDefinitions.anAccountAlreadyExistsWithUsername(java.lang.String)&amp#27;[0m
  &amp#27;[32mWhen &amp#27;[0m&amp#27;[32mthe user creates an account with email &amp#27;[0m&amp#27;[32m&amp#27;[1m"carla@mail.com"&amp#27;[0m&amp#27;[32m, username &amp#27;[0m&amp#27;[32m&amp#27;[1m"carla"&amp#27;[0m&amp#27;[32m and password &amp#27;[0m&amp#27;[32m&amp#27;[1m"secret"&amp#27;[0m &amp#27;[90m# fr.carla.shop.bdd.OnlineShopStepDefinitions.theUserCreatesAnAccount(java.lang.String,java.lang.String,java.lang.String)&amp#27;[0m
  &amp#27;[32mThen &amp#27;[0m&amp#27;[32man error is returned&amp#27;[0m                                                                            &amp#27;[90m# fr.carla.shop.bdd.OnlineShopStepDefinitions.anErrorIsReturned()&amp#27;[0m
  &amp#27;[32mAnd &amp#27;[0m&amp#27;[32mthe error message contains &amp#27;[0m&amp#27;[32m&amp#27;[1m"Account already exists"&amp#27;[0m                                              &amp#27;[90m# fr.carla.shop.bdd.OnlineShopStepDefinitions.theErrorMessageContains(java.lang.String)&amp#27;[0m
  &amp#27;[32mAnd &amp#27;[0m&amp#27;[32mthe user account is not saved&amp#27;[0m                                                                    &amp#27;[90m# fr.carla.shop.bdd.OnlineShopStepDefinitions.theUserAccountIsNotSaved()&amp#27;[0m
]]></system-out>
  </testcase>
  <testcase name="User adds a product to an order" classname="Add product to order" time="0.036">
    <failure message="expected: not &lt;null&gt;" type="org.opentest4j.AssertionFailedError"><![CDATA[org.opentest4j.AssertionFailedError: expected: not <null>
	at fr.carla.shop.bdd.OnlineShopStepDefinitions.anErrorIsReturned(OnlineShopStepDefinitions.java:458)
	at ✽.an error is returned(classpath:features/add_to_order.feature:7)
]]></failure>
    <system-out><![CDATA[
Scenario: User adds a product to an order                                               &amp#27;[90m# features/add_to_order.feature:3&amp#27;[0m
  &amp#27;[32mGiven &amp#27;[0m&amp#27;[32morder &amp#27;[0m&amp#27;[32m&amp#27;[1m"O001"&amp#27;[0m&amp#27;[32m exists&amp#27;[0m                                                             &amp#27;[90m# fr.carla.shop.bdd.OnlineShopStepDefinitions.orderExists(java.lang.String)&amp#27;[0m
  &amp#27;[32mAnd &amp#27;[0m&amp#27;[32mproduct &amp#27;[0m&amp#27;[32m&amp#27;[1m"P001"&amp#27;[0m&amp#27;[32m named &amp#27;[0m&amp#27;[32m&amp#27;[1m"Keyboard"&amp#27;[0m&amp#27;[32m exists in category &amp#27;[0m&amp#27;[32m&amp#27;[1m"Accessories"&amp#27;[0m&amp#27;[32m with price &amp#27;[0m&amp#27;[32m&amp#27;[1m79.99&amp#27;[0m &amp#27;[90m# fr.carla.shop.bdd.OnlineShopStepDefinitions.productExists(java.lang.String,java.lang.String,java.lang.String,double)&amp#27;[0m
  &amp#27;[32mWhen &amp#27;[0m&amp#27;[32mthe user adds product &amp#27;[0m&amp#27;[32m&amp#27;[1m"P001"&amp#27;[0m&amp#27;[32m to order &amp#27;[0m&amp#27;[32m&amp#27;[1m"O001"&amp#27;[0m                                     &amp#27;[90m# fr.carla.shop.bdd.OnlineShopStepDefinitions.theUserAddsProductToOrder(java.lang.String,java.lang.String)&amp#27;[0m
  &amp#27;[31mThen &amp#27;[0m&amp#27;[31man error is returned&amp#27;[0m                                                             &amp#27;[90m# fr.carla.shop.bdd.OnlineShopStepDefinitions.anErrorIsReturned()&amp#27;[0m
      &amp#27;[31morg.opentest4j.AssertionFailedError: expected: not <null>
	at org.junit.jupiter.api.AssertionFailureBuilder.build(AssertionFailureBuilder.java:152)
	at org.junit.jupiter.api.AssertionFailureBuilder.buildAndThrow(AssertionFailureBuilder.java:132)
	at org.junit.jupiter.api.AssertNotNull.failNull(AssertNotNull.java:49)
	at org.junit.jupiter.api.AssertNotNull.assertNotNull(AssertNotNull.java:35)
	at org.junit.jupiter.api.AssertNotNull.assertNotNull(AssertNotNull.java:30)
	at org.junit.jupiter.api.Assertions.assertNotNull(Assertions.java:304)
	at fr.carla.shop.bdd.OnlineShopStepDefinitions.anErrorIsReturned(OnlineShopStepDefinitions.java:458)
	at âœ½.an error is returned(classpath:features/add_to_order.feature:7)
&amp#27;[0m
  &amp#27;[36mAnd &amp#27;[0m&amp#27;[36morder &amp#27;[0m&amp#27;[36m&amp#27;[1m"O001"&amp#27;[0m&amp#27;[36m contains product &amp#27;[0m&amp#27;[36m&amp#27;[1m"P001"&amp#27;[0m&amp#27;[36m with quantity &amp#27;[0m&amp#27;[36m&amp#27;[1m1&amp#27;[0m                              &amp#27;[90m# fr.carla.shop.bdd.OnlineShopStepDefinitions.orderContainsProductWithQuantity(java.lang.String,java.lang.String,int)&amp#27;[0m
]]></system-out>
  </testcase>
  <testcase name="Product quantity increases when product is already in order" classname="Add product to order" time="0.021">
    <failure message="expected: not &lt;null&gt;" type="org.opentest4j.AssertionFailedError"><![CDATA[org.opentest4j.AssertionFailedError: expected: not <null>
	at fr.carla.shop.bdd.OnlineShopStepDefinitions.anErrorIsReturned(OnlineShopStepDefinitions.java:458)
	at ✽.an error is returned(classpath:features/add_to_order.feature:15)
]]></failure>
    <system-out><![CDATA[
Scenario: Product quantity increases when product is already in order                   &amp#27;[90m# features/add_to_order.feature:10&amp#27;[0m
  &amp#27;[32mGiven &amp#27;[0m&amp#27;[32morder &amp#27;[0m&amp#27;[32m&amp#27;[1m"O002"&amp#27;[0m&amp#27;[32m exists&amp#27;[0m                                                             &amp#27;[90m# fr.carla.shop.bdd.OnlineShopStepDefinitions.orderExists(java.lang.String)&amp#27;[0m
  &amp#27;[32mAnd &amp#27;[0m&amp#27;[32mproduct &amp#27;[0m&amp#27;[32m&amp#27;[1m"P001"&amp#27;[0m&amp#27;[32m named &amp#27;[0m&amp#27;[32m&amp#27;[1m"Keyboard"&amp#27;[0m&amp#27;[32m exists in category &amp#27;[0m&amp#27;[32m&amp#27;[1m"Accessories"&amp#27;[0m&amp#27;[32m with price &amp#27;[0m&amp#27;[32m&amp#27;[1m79.99&amp#27;[0m &amp#27;[90m# fr.carla.shop.bdd.OnlineShopStepDefinitions.productExists(java.lang.String,java.lang.String,java.lang.String,double)&amp#27;[0m
  &amp#27;[32mAnd &amp#27;[0m&amp#27;[32morder &amp#27;[0m&amp#27;[32m&amp#27;[1m"O002"&amp#27;[0m&amp#27;[32m already contains product &amp#27;[0m&amp#27;[32m&amp#27;[1m"P001"&amp#27;[0m&amp#27;[32m with quantity &amp#27;[0m&amp#27;[32m&amp#27;[1m1&amp#27;[0m                      &amp#27;[90m# fr.carla.shop.bdd.OnlineShopStepDefinitions.orderAlreadyContainsProductWithQuantity(java.lang.String,java.lang.String,int)&amp#27;[0m
  &amp#27;[32mWhen &amp#27;[0m&amp#27;[32mthe user adds product &amp#27;[0m&amp#27;[32m&amp#27;[1m"P001"&amp#27;[0m&amp#27;[32m to order &amp#27;[0m&amp#27;[32m&amp#27;[1m"O002"&amp#27;[0m                                     &amp#27;[90m# fr.carla.shop.bdd.OnlineShopStepDefinitions.theUserAddsProductToOrder(java.lang.String,java.lang.String)&amp#27;[0m
  &amp#27;[31mThen &amp#27;[0m&amp#27;[31man error is returned&amp#27;[0m                                                             &amp#27;[90m# fr.carla.shop.bdd.OnlineShopStepDefinitions.anErrorIsReturned()&amp#27;[0m
      &amp#27;[31morg.opentest4j.AssertionFailedError: expected: not <null>
	at org.junit.jupiter.api.AssertionFailureBuilder.build(AssertionFailureBuilder.java:152)
	at org.junit.jupiter.api.AssertionFailureBuilder.buildAndThrow(AssertionFailureBuilder.java:132)
	at org.junit.jupiter.api.AssertNotNull.failNull(AssertNotNull.java:49)
	at org.junit.jupiter.api.AssertNotNull.assertNotNull(AssertNotNull.java:35)
	at org.junit.jupiter.api.AssertNotNull.assertNotNull(AssertNotNull.java:30)
	at org.junit.jupiter.api.Assertions.assertNotNull(Assertions.java:304)
	at fr.carla.shop.bdd.OnlineShopStepDefinitions.anErrorIsReturned(OnlineShopStepDefinitions.java:458)
	at âœ½.an error is returned(classpath:features/add_to_order.feature:15)
&amp#27;[0m
  &amp#27;[36mAnd &amp#27;[0m&amp#27;[36morder &amp#27;[0m&amp#27;[36m&amp#27;[1m"O002"&amp#27;[0m&amp#27;[36m contains product &amp#27;[0m&amp#27;[36m&amp#27;[1m"P001"&amp#27;[0m&amp#27;[36m with quantity &amp#27;[0m&amp#27;[36m&amp#27;[1m2&amp#27;[0m                              &amp#27;[90m# fr.carla.shop.bdd.OnlineShopStepDefinitions.orderContainsProductWithQuantity(java.lang.String,java.lang.String,int)&amp#27;[0m
]]></system-out>
  </testcase>
  <testcase name="Add product fails when order does not exist" classname="Add product to order" time="0.019">
    <system-out><![CDATA[
Scenario: Add product fails when order does not exist                                   &amp#27;[90m# features/add_to_order.feature:18&amp#27;[0m
  &amp#27;[32mGiven &amp#27;[0m&amp#27;[32morder &amp#27;[0m&amp#27;[32m&amp#27;[1m"UNKNOWN"&amp#27;[0m&amp#27;[32m does not exist&amp#27;[0m                                                  &amp#27;[90m# fr.carla.shop.bdd.OnlineShopStepDefinitions.orderDoesNotExist(java.lang.String)&amp#27;[0m
  &amp#27;[32mAnd &amp#27;[0m&amp#27;[32mproduct &amp#27;[0m&amp#27;[32m&amp#27;[1m"P001"&amp#27;[0m&amp#27;[32m named &amp#27;[0m&amp#27;[32m&amp#27;[1m"Keyboard"&amp#27;[0m&amp#27;[32m exists in category &amp#27;[0m&amp#27;[32m&amp#27;[1m"Accessories"&amp#27;[0m&amp#27;[32m with price &amp#27;[0m&amp#27;[32m&amp#27;[1m79.99&amp#27;[0m &amp#27;[90m# fr.carla.shop.bdd.OnlineShopStepDefinitions.productExists(java.lang.String,java.lang.String,java.lang.String,double)&amp#27;[0m
  &amp#27;[32mWhen &amp#27;[0m&amp#27;[32mthe user adds product &amp#27;[0m&amp#27;[32m&amp#27;[1m"P001"&amp#27;[0m&amp#27;[32m to order &amp#27;[0m&amp#27;[32m&amp#27;[1m"UNKNOWN"&amp#27;[0m                                  &amp#27;[90m# fr.carla.shop.bdd.OnlineShopStepDefinitions.theUserAddsProductToOrder(java.lang.String,java.lang.String)&amp#27;[0m
  &amp#27;[32mThen &amp#27;[0m&amp#27;[32man error is returned&amp#27;[0m                                                             &amp#27;[90m# fr.carla.shop.bdd.OnlineShopStepDefinitions.anErrorIsReturned()&amp#27;[0m
  &amp#27;[32mAnd &amp#27;[0m&amp#27;[32mthe error message contains &amp#27;[0m&amp#27;[32m&amp#27;[1m"Order not found"&amp#27;[0m                                      &amp#27;[90m# fr.carla.shop.bdd.OnlineShopStepDefinitions.theErrorMessageContains(java.lang.String)&amp#27;[0m
]]></system-out>
  </testcase>
  <testcase name="User can access categories page" classname="Category navigation" time="0.014">
    <system-out><![CDATA[
Scenario: User can access categories page &amp#27;[90m# features/category_navigation.feature:3&amp#27;[0m
  &amp#27;[32mWhen &amp#27;[0m&amp#27;[32mthe user opens the categories page&amp#27;[0m &amp#27;[90m# fr.carla.shop.bdd.OnlineShopStepDefinitions.theUserOpensTheCategoriesPage()&amp#27;[0m
  &amp#27;[32mThen &amp#27;[0m&amp#27;[32mthe categories page is displayed&amp#27;[0m   &amp#27;[90m# fr.carla.shop.bdd.OnlineShopStepDefinitions.theCategoriesPageIsDisplayed()&amp#27;[0m
]]></system-out>
  </testcase>
  <testcase name="User selects a category" classname="Category navigation" time="0.025">
    <system-out><![CDATA[
Scenario: User selects a category        &amp#27;[90m# features/category_navigation.feature:7&amp#27;[0m
  &amp#27;[32mGiven &amp#27;[0m&amp#27;[32mthe following products exist&amp#27;[0m     &amp#27;[90m# fr.carla.shop.bdd.OnlineShopStepDefinitions.theFollowingProductsExist(io.cucumber.datatable.DataTable)&amp#27;[0m
    | reference | name      | category    | price |
    | P001      | Java book | Books       | 39.99 |
    | P002      | JS book   | Books       | 29.99 |
    | P003      | Mouse     | Accessories | 19.99 |
  &amp#27;[32mWhen &amp#27;[0m&amp#27;[32mthe user selects category &amp#27;[0m&amp#27;[32m&amp#27;[1m"Books"&amp#27;[0m &amp#27;[90m# fr.carla.shop.bdd.OnlineShopStepDefinitions.theUserSelectsCategory(java.lang.String)&amp#27;[0m
  &amp#27;[32mThen &amp#27;[0m&amp#27;[32m&amp#27;[0m&amp#27;[32m&amp#27;[1m2&amp#27;[0m&amp#27;[32m products are returned&amp#27;[0m           &amp#27;[90m# fr.carla.shop.bdd.OnlineShopStepDefinitions.productsAreReturned(int)&amp#27;[0m
  &amp#27;[32mAnd &amp#27;[0m&amp#27;[32mthe results contain product &amp#27;[0m&amp#27;[32m&amp#27;[1m"P001"&amp#27;[0m &amp#27;[90m# fr.carla.shop.bdd.OnlineShopStepDefinitions.theResultsContainProduct(java.lang.String)&amp#27;[0m
  &amp#27;[32mAnd &amp#27;[0m&amp#27;[32mthe results contain product &amp#27;[0m&amp#27;[32m&amp#27;[1m"P002"&amp#27;[0m &amp#27;[90m# fr.carla.shop.bdd.OnlineShopStepDefinitions.theResultsContainProduct(java.lang.String)&amp#27;[0m
]]></system-out>
  </testcase>
  <testcase name="User can access checkout form" classname="Order checkout" time="0.009">
    <system-out><![CDATA[
Scenario: User can access checkout form &amp#27;[90m# features/checkout.feature:3&amp#27;[0m
  &amp#27;[32mWhen &amp#27;[0m&amp#27;[32mthe user opens the checkout form&amp#27;[0m &amp#27;[90m# fr.carla.shop.bdd.OnlineShopStepDefinitions.theUserOpensTheCheckoutForm()&amp#27;[0m
  &amp#27;[32mThen &amp#27;[0m&amp#27;[32mthe checkout form is displayed&amp#27;[0m   &amp#27;[90m# fr.carla.shop.bdd.OnlineShopStepDefinitions.theCheckoutFormIsDisplayed()&amp#27;[0m
]]></system-out>
  </testcase>
  <testcase name="User validates an order successfully" classname="Order checkout" time="0.013">
    <system-out><![CDATA[
Scenario: User validates an order successfully            &amp#27;[90m# features/checkout.feature:7&amp#27;[0m
  &amp#27;[32mGiven &amp#27;[0m&amp#27;[32morder &amp#27;[0m&amp#27;[32m&amp#27;[1m"O006"&amp#27;[0m&amp#27;[32m exists&amp#27;[0m                               &amp#27;[90m# fr.carla.shop.bdd.OnlineShopStepDefinitions.orderExists(java.lang.String)&amp#27;[0m
  &amp#27;[32mWhen &amp#27;[0m&amp#27;[32mthe user validates order &amp#27;[0m&amp#27;[32m&amp#27;[1m"O006"&amp#27;[0m                    &amp#27;[90m# fr.carla.shop.bdd.OnlineShopStepDefinitions.theUserValidatesOrder(java.lang.String)&amp#27;[0m
  &amp#27;[32mThen &amp#27;[0m&amp#27;[32morder validation is confirmed&amp#27;[0m                      &amp#27;[90m# fr.carla.shop.bdd.OnlineShopStepDefinitions.orderValidationIsConfirmed()&amp#27;[0m
  &amp#27;[32mAnd &amp#27;[0m&amp#27;[32mthe confirmation message contains &amp#27;[0m&amp#27;[32m&amp#27;[1m"Order confirmed"&amp#27;[0m &amp#27;[90m# fr.carla.shop.bdd.OnlineShopStepDefinitions.theConfirmationMessageContains(java.lang.String)&amp#27;[0m
]]></system-out>
  </testcase>
  <testcase name="Order validation fails when order does not exist" classname="Order checkout" time="0.01">
    <system-out><![CDATA[
Scenario: Order validation fails when order does not exist &amp#27;[90m# features/checkout.feature:13&amp#27;[0m
  &amp#27;[32mGiven &amp#27;[0m&amp#27;[32morder &amp#27;[0m&amp#27;[32m&amp#27;[1m"UNKNOWN"&amp#27;[0m&amp#27;[32m does not exist&amp#27;[0m                     &amp#27;[90m# fr.carla.shop.bdd.OnlineShopStepDefinitions.orderDoesNotExist(java.lang.String)&amp#27;[0m
  &amp#27;[32mWhen &amp#27;[0m&amp#27;[32mthe user validates order &amp#27;[0m&amp#27;[32m&amp#27;[1m"UNKNOWN"&amp#27;[0m                  &amp#27;[90m# fr.carla.shop.bdd.OnlineShopStepDefinitions.theUserValidatesOrder(java.lang.String)&amp#27;[0m
  &amp#27;[32mThen &amp#27;[0m&amp#27;[32man error is returned&amp#27;[0m                                &amp#27;[90m# fr.carla.shop.bdd.OnlineShopStepDefinitions.anErrorIsReturned()&amp#27;[0m
  &amp#27;[32mAnd &amp#27;[0m&amp#27;[32mthe error message contains &amp#27;[0m&amp#27;[32m&amp#27;[1m"Order not found"&amp#27;[0m         &amp#27;[90m# fr.carla.shop.bdd.OnlineShopStepDefinitions.theErrorMessageContains(java.lang.String)&amp#27;[0m
]]></system-out>
  </testcase>
  <testcase name="User can access the login form" classname="User login" time="0.007">
    <system-out><![CDATA[
Scenario: User can access the login form &amp#27;[90m# features/login.feature:3&amp#27;[0m
  &amp#27;[32mWhen &amp#27;[0m&amp#27;[32mthe user opens the login form&amp#27;[0m     &amp#27;[90m# fr.carla.shop.bdd.OnlineShopStepDefinitions.theUserOpensTheLoginForm()&amp#27;[0m
  &amp#27;[32mThen &amp#27;[0m&amp#27;[32mthe login form is displayed&amp#27;[0m       &amp#27;[90m# fr.carla.shop.bdd.OnlineShopStepDefinitions.theLoginFormIsDisplayed()&amp#27;[0m
]]></system-out>
  </testcase>
  <testcase name="User logs in successfully" classname="User login" time="0.011">
    <failure message="expected: not &lt;null&gt;" type="org.opentest4j.AssertionFailedError"><![CDATA[org.opentest4j.AssertionFailedError: expected: not <null>
	at fr.carla.shop.bdd.OnlineShopStepDefinitions.anErrorIsReturned(OnlineShopStepDefinitions.java:458)
	at ✽.an error is returned(classpath:features/login.feature:10)
]]></failure>
    <system-out><![CDATA[
Scenario: User logs in successfully                                 &amp#27;[90m# features/login.feature:7&amp#27;[0m
  &amp#27;[32mGiven &amp#27;[0m&amp#27;[32ma user exists with username &amp#27;[0m&amp#27;[32m&amp#27;[1m"carla"&amp#27;[0m&amp#27;[32m and password &amp#27;[0m&amp#27;[32m&amp#27;[1m"secret"&amp#27;[0m   &amp#27;[90m# fr.carla.shop.bdd.OnlineShopStepDefinitions.aUserExistsWithUsernameAndPassword(java.lang.String,java.lang.String)&amp#27;[0m
  &amp#27;[32mWhen &amp#27;[0m&amp#27;[32mthe user logs in with username &amp#27;[0m&amp#27;[32m&amp#27;[1m"carla"&amp#27;[0m&amp#27;[32m and password &amp#27;[0m&amp#27;[32m&amp#27;[1m"secret"&amp#27;[0m &amp#27;[90m# fr.carla.shop.bdd.OnlineShopStepDefinitions.theUserLogsInWithUsernameAndPassword(java.lang.String,java.lang.String)&amp#27;[0m
  &amp#27;[31mThen &amp#27;[0m&amp#27;[31man error is returned&amp#27;[0m                                         &amp#27;[90m# fr.carla.shop.bdd.OnlineShopStepDefinitions.anErrorIsReturned()&amp#27;[0m
      &amp#27;[31morg.opentest4j.AssertionFailedError: expected: not <null>
	at org.junit.jupiter.api.AssertionFailureBuilder.build(AssertionFailureBuilder.java:152)
	at org.junit.jupiter.api.AssertionFailureBuilder.buildAndThrow(AssertionFailureBuilder.java:132)
	at org.junit.jupiter.api.AssertNotNull.failNull(AssertNotNull.java:49)
	at org.junit.jupiter.api.AssertNotNull.assertNotNull(AssertNotNull.java:35)
	at org.junit.jupiter.api.AssertNotNull.assertNotNull(AssertNotNull.java:30)
	at org.junit.jupiter.api.Assertions.assertNotNull(Assertions.java:304)
	at fr.carla.shop.bdd.OnlineShopStepDefinitions.anErrorIsReturned(OnlineShopStepDefinitions.java:458)
	at âœ½.an error is returned(classpath:features/login.feature:10)
&amp#27;[0m
  &amp#27;[36mAnd &amp#27;[0m&amp#27;[36mthe user is redirected to the home page&amp#27;[0m                       &amp#27;[90m# fr.carla.shop.bdd.OnlineShopStepDefinitions.theUserIsRedirectedToTheHomePage()&amp#27;[0m
]]></system-out>
  </testcase>
  <testcase name="Login fails with wrong password" classname="User login" time="0.012">
    <system-out><![CDATA[
Scenario: Login fails with wrong password                          &amp#27;[90m# features/login.feature:13&amp#27;[0m
  &amp#27;[32mGiven &amp#27;[0m&amp#27;[32ma user exists with username &amp#27;[0m&amp#27;[32m&amp#27;[1m"carla"&amp#27;[0m&amp#27;[32m and password &amp#27;[0m&amp#27;[32m&amp#27;[1m"secret"&amp#27;[0m  &amp#27;[90m# fr.carla.shop.bdd.OnlineShopStepDefinitions.aUserExistsWithUsernameAndPassword(java.lang.String,java.lang.String)&amp#27;[0m
  &amp#27;[32mWhen &amp#27;[0m&amp#27;[32mthe user logs in with username &amp#27;[0m&amp#27;[32m&amp#27;[1m"carla"&amp#27;[0m&amp#27;[32m and password &amp#27;[0m&amp#27;[32m&amp#27;[1m"wrong"&amp#27;[0m &amp#27;[90m# fr.carla.shop.bdd.OnlineShopStepDefinitions.theUserLogsInWithUsernameAndPassword(java.lang.String,java.lang.String)&amp#27;[0m
  &amp#27;[32mThen &amp#27;[0m&amp#27;[32man error is returned&amp#27;[0m                                        &amp#27;[90m# fr.carla.shop.bdd.OnlineShopStepDefinitions.anErrorIsReturned()&amp#27;[0m
  &amp#27;[32mAnd &amp#27;[0m&amp#27;[32mthe error message contains &amp#27;[0m&amp#27;[32m&amp#27;[1m"Invalid credentials"&amp#27;[0m             &amp#27;[90m# fr.carla.shop.bdd.OnlineShopStepDefinitions.theErrorMessageContains(java.lang.String)&amp#27;[0m
]]></system-out>
  </testcase>
  <testcase name="User can access the search bar" classname="Product search" time="0.01">
    <system-out><![CDATA[
Scenario: User can access the search bar &amp#27;[90m# features/product_search.feature:3&amp#27;[0m
  &amp#27;[32mWhen &amp#27;[0m&amp#27;[32mthe user opens the search bar&amp#27;[0m     &amp#27;[90m# fr.carla.shop.bdd.OnlineShopStepDefinitions.theUserOpensTheSearchBar()&amp#27;[0m
  &amp#27;[32mThen &amp#27;[0m&amp#27;[32mthe search bar is displayed&amp#27;[0m       &amp#27;[90m# fr.carla.shop.bdd.OnlineShopStepDefinitions.theSearchBarIsDisplayed()&amp#27;[0m
]]></system-out>
  </testcase>
  <testcase name="User searches products by keyword" classname="Product search" time="0.017">
    <system-out><![CDATA[
Scenario: User searches products by keyword            &amp#27;[90m# features/product_search.feature:7&amp#27;[0m
  &amp#27;[32mGiven &amp#27;[0m&amp#27;[32mthe following products exist&amp#27;[0m                   &amp#27;[90m# fr.carla.shop.bdd.OnlineShopStepDefinitions.theFollowingProductsExist(io.cucumber.datatable.DataTable)&amp#27;[0m
    | reference | name         | category    | price |
    | P001      | Gaming mouse | Accessories | 49.99 |
    | P002      | Office mouse | Accessories | 19.99 |
    | P003      | Java book    | Books       | 39.99 |
  &amp#27;[32mWhen &amp#27;[0m&amp#27;[32mthe user searches products with keyword &amp#27;[0m&amp#27;[32m&amp#27;[1m"mouse"&amp#27;[0m &amp#27;[90m# fr.carla.shop.bdd.OnlineShopStepDefinitions.theUserSearchesProductsWithKeyword(java.lang.String)&amp#27;[0m
  &amp#27;[32mThen &amp#27;[0m&amp#27;[32m&amp#27;[0m&amp#27;[32m&amp#27;[1m2&amp#27;[0m&amp#27;[32m products are returned&amp#27;[0m                         &amp#27;[90m# fr.carla.shop.bdd.OnlineShopStepDefinitions.productsAreReturned(int)&amp#27;[0m
  &amp#27;[32mAnd &amp#27;[0m&amp#27;[32mthe results contain product &amp#27;[0m&amp#27;[32m&amp#27;[1m"P001"&amp#27;[0m               &amp#27;[90m# fr.carla.shop.bdd.OnlineShopStepDefinitions.theResultsContainProduct(java.lang.String)&amp#27;[0m
  &amp#27;[32mAnd &amp#27;[0m&amp#27;[32mthe results contain product &amp#27;[0m&amp#27;[32m&amp#27;[1m"P002"&amp#27;[0m               &amp#27;[90m# fr.carla.shop.bdd.OnlineShopStepDefinitions.theResultsContainProduct(java.lang.String)&amp#27;[0m
]]></system-out>
  </testcase>
  <testcase name="User searches products by maximum price" classname="Product search" time="0.012">
    <system-out><![CDATA[
Scenario: User searches products by maximum price          &amp#27;[90m# features/product_search.feature:18&amp#27;[0m
  &amp#27;[32mGiven &amp#27;[0m&amp#27;[32mthe following products exist&amp#27;[0m                       &amp#27;[90m# fr.carla.shop.bdd.OnlineShopStepDefinitions.theFollowingProductsExist(io.cucumber.datatable.DataTable)&amp#27;[0m
    | reference | name                | category    | price  |
    | P001      | Gaming mouse        | Accessories | 49.99  |
    | P002      | Office mouse        | Accessories | 19.99  |
    | P003      | Mechanical keyboard | Accessories | 129.99 |
  &amp#27;[32mWhen &amp#27;[0m&amp#27;[32mthe user searches products with maximum price &amp#27;[0m&amp#27;[32m&amp#27;[1m50.00&amp#27;[0m &amp#27;[90m# fr.carla.shop.bdd.OnlineShopStepDefinitions.theUserSearchesProductsWithMaximumPrice(double)&amp#27;[0m
  &amp#27;[32mThen &amp#27;[0m&amp#27;[32m&amp#27;[0m&amp#27;[32m&amp#27;[1m2&amp#27;[0m&amp#27;[32m products are returned&amp#27;[0m                             &amp#27;[90m# fr.carla.shop.bdd.OnlineShopStepDefinitions.productsAreReturned(int)&amp#27;[0m
  &amp#27;[32mAnd &amp#27;[0m&amp#27;[32mthe results contain product &amp#27;[0m&amp#27;[32m&amp#27;[1m"P001"&amp#27;[0m                   &amp#27;[90m# fr.carla.shop.bdd.OnlineShopStepDefinitions.theResultsContainProduct(java.lang.String)&amp#27;[0m
  &amp#27;[32mAnd &amp#27;[0m&amp#27;[32mthe results contain product &amp#27;[0m&amp#27;[32m&amp#27;[1m"P002"&amp#27;[0m                   &amp#27;[90m# fr.carla.shop.bdd.OnlineShopStepDefinitions.theResultsContainProduct(java.lang.String)&amp#27;[0m
]]></system-out>
  </testcase>
  <testcase name="Product quantity decreases when quantity is greater than one" classname="Remove product from order" time="0.018">
    <system-out><![CDATA[
Scenario: Product quantity decreases when quantity is greater than one                  &amp#27;[90m# features/remove_from_order.feature:3&amp#27;[0m
  &amp#27;[32mGiven &amp#27;[0m&amp#27;[32morder &amp#27;[0m&amp#27;[32m&amp#27;[1m"O003"&amp#27;[0m&amp#27;[32m exists&amp#27;[0m                                                             &amp#27;[90m# fr.carla.shop.bdd.OnlineShopStepDefinitions.orderExists(java.lang.String)&amp#27;[0m
  &amp#27;[32mAnd &amp#27;[0m&amp#27;[32mproduct &amp#27;[0m&amp#27;[32m&amp#27;[1m"P001"&amp#27;[0m&amp#27;[32m named &amp#27;[0m&amp#27;[32m&amp#27;[1m"Keyboard"&amp#27;[0m&amp#27;[32m exists in category &amp#27;[0m&amp#27;[32m&amp#27;[1m"Accessories"&amp#27;[0m&amp#27;[32m with price &amp#27;[0m&amp#27;[32m&amp#27;[1m79.99&amp#27;[0m &amp#27;[90m# fr.carla.shop.bdd.OnlineShopStepDefinitions.productExists(java.lang.String,java.lang.String,java.lang.String,double)&amp#27;[0m
  &amp#27;[32mAnd &amp#27;[0m&amp#27;[32morder &amp#27;[0m&amp#27;[32m&amp#27;[1m"O003"&amp#27;[0m&amp#27;[32m already contains product &amp#27;[0m&amp#27;[32m&amp#27;[1m"P001"&amp#27;[0m&amp#27;[32m with quantity &amp#27;[0m&amp#27;[32m&amp#27;[1m2&amp#27;[0m                      &amp#27;[90m# fr.carla.shop.bdd.OnlineShopStepDefinitions.orderAlreadyContainsProductWithQuantity(java.lang.String,java.lang.String,int)&amp#27;[0m
  &amp#27;[32mWhen &amp#27;[0m&amp#27;[32mthe user removes product &amp#27;[0m&amp#27;[32m&amp#27;[1m"P001"&amp#27;[0m&amp#27;[32m from order &amp#27;[0m&amp#27;[32m&amp#27;[1m"O003"&amp#27;[0m                                &amp#27;[90m# fr.carla.shop.bdd.OnlineShopStepDefinitions.theUserRemovesProductFromOrder(java.lang.String,java.lang.String)&amp#27;[0m
  &amp#27;[32mThen &amp#27;[0m&amp#27;[32mproduct removal is confirmed&amp#27;[0m                                                     &amp#27;[90m# fr.carla.shop.bdd.OnlineShopStepDefinitions.productRemovalIsConfirmed()&amp#27;[0m
  &amp#27;[32mAnd &amp#27;[0m&amp#27;[32morder &amp#27;[0m&amp#27;[32m&amp#27;[1m"O003"&amp#27;[0m&amp#27;[32m contains product &amp#27;[0m&amp#27;[32m&amp#27;[1m"P001"&amp#27;[0m&amp#27;[32m with quantity &amp#27;[0m&amp#27;[32m&amp#27;[1m1&amp#27;[0m                              &amp#27;[90m# fr.carla.shop.bdd.OnlineShopStepDefinitions.orderContainsProductWithQuantity(java.lang.String,java.lang.String,int)&amp#27;[0m
]]></system-out>
  </testcase>
  <testcase name="Product is removed when quantity is one" classname="Remove product from order" time="0.013">
    <system-out><![CDATA[
Scenario: Product is removed when quantity is one                                       &amp#27;[90m# features/remove_from_order.feature:11&amp#27;[0m
  &amp#27;[32mGiven &amp#27;[0m&amp#27;[32morder &amp#27;[0m&amp#27;[32m&amp#27;[1m"O004"&amp#27;[0m&amp#27;[32m exists&amp#27;[0m                                                             &amp#27;[90m# fr.carla.shop.bdd.OnlineShopStepDefinitions.orderExists(java.lang.String)&amp#27;[0m
  &amp#27;[32mAnd &amp#27;[0m&amp#27;[32mproduct &amp#27;[0m&amp#27;[32m&amp#27;[1m"P001"&amp#27;[0m&amp#27;[32m named &amp#27;[0m&amp#27;[32m&amp#27;[1m"Keyboard"&amp#27;[0m&amp#27;[32m exists in category &amp#27;[0m&amp#27;[32m&amp#27;[1m"Accessories"&amp#27;[0m&amp#27;[32m with price &amp#27;[0m&amp#27;[32m&amp#27;[1m79.99&amp#27;[0m &amp#27;[90m# fr.carla.shop.bdd.OnlineShopStepDefinitions.productExists(java.lang.String,java.lang.String,java.lang.String,double)&amp#27;[0m
  &amp#27;[32mAnd &amp#27;[0m&amp#27;[32morder &amp#27;[0m&amp#27;[32m&amp#27;[1m"O004"&amp#27;[0m&amp#27;[32m already contains product &amp#27;[0m&amp#27;[32m&amp#27;[1m"P001"&amp#27;[0m&amp#27;[32m with quantity &amp#27;[0m&amp#27;[32m&amp#27;[1m1&amp#27;[0m                      &amp#27;[90m# fr.carla.shop.bdd.OnlineShopStepDefinitions.orderAlreadyContainsProductWithQuantity(java.lang.String,java.lang.String,int)&amp#27;[0m
  &amp#27;[32mWhen &amp#27;[0m&amp#27;[32mthe user removes product &amp#27;[0m&amp#27;[32m&amp#27;[1m"P001"&amp#27;[0m&amp#27;[32m from order &amp#27;[0m&amp#27;[32m&amp#27;[1m"O004"&amp#27;[0m                                &amp#27;[90m# fr.carla.shop.bdd.OnlineShopStepDefinitions.theUserRemovesProductFromOrder(java.lang.String,java.lang.String)&amp#27;[0m
  &amp#27;[32mThen &amp#27;[0m&amp#27;[32mproduct removal is confirmed&amp#27;[0m                                                     &amp#27;[90m# fr.carla.shop.bdd.OnlineShopStepDefinitions.productRemovalIsConfirmed()&amp#27;[0m
  &amp#27;[32mAnd &amp#27;[0m&amp#27;[32morder &amp#27;[0m&amp#27;[32m&amp#27;[1m"O004"&amp#27;[0m&amp#27;[32m does not contain product &amp#27;[0m&amp#27;[32m&amp#27;[1m"P001"&amp#27;[0m                                      &amp#27;[90m# fr.carla.shop.bdd.OnlineShopStepDefinitions.orderDoesNotContainProduct(java.lang.String,java.lang.String)&amp#27;[0m
]]></system-out>
  </testcase>
  <testcase name="Remove product fails when product is not in order" classname="Remove product from order" time="0.024">
    <system-out><![CDATA[
Scenario: Remove product fails when product is not in order                             &amp#27;[90m# features/remove_from_order.feature:19&amp#27;[0m
  &amp#27;[32mGiven &amp#27;[0m&amp#27;[32morder &amp#27;[0m&amp#27;[32m&amp#27;[1m"O005"&amp#27;[0m&amp#27;[32m exists&amp#27;[0m                                                             &amp#27;[90m# fr.carla.shop.bdd.OnlineShopStepDefinitions.orderExists(java.lang.String)&amp#27;[0m
  &amp#27;[32mAnd &amp#27;[0m&amp#27;[32mproduct &amp#27;[0m&amp#27;[32m&amp#27;[1m"P001"&amp#27;[0m&amp#27;[32m named &amp#27;[0m&amp#27;[32m&amp#27;[1m"Keyboard"&amp#27;[0m&amp#27;[32m exists in category &amp#27;[0m&amp#27;[32m&amp#27;[1m"Accessories"&amp#27;[0m&amp#27;[32m with price &amp#27;[0m&amp#27;[32m&amp#27;[1m79.99&amp#27;[0m &amp#27;[90m# fr.carla.shop.bdd.OnlineShopStepDefinitions.productExists(java.lang.String,java.lang.String,java.lang.String,double)&amp#27;[0m
  &amp#27;[32mWhen &amp#27;[0m&amp#27;[32mthe user removes product &amp#27;[0m&amp#27;[32m&amp#27;[1m"P001"&amp#27;[0m&amp#27;[32m from order &amp#27;[0m&amp#27;[32m&amp#27;[1m"O005"&amp#27;[0m                                &amp#27;[90m# fr.carla.shop.bdd.OnlineShopStepDefinitions.theUserRemovesProductFromOrder(java.lang.String,java.lang.String)&amp#27;[0m
  &amp#27;[32mThen &amp#27;[0m&amp#27;[32man error is returned&amp#27;[0m                                                             &amp#27;[90m# fr.carla.shop.bdd.OnlineShopStepDefinitions.anErrorIsReturned()&amp#27;[0m
  &amp#27;[32mAnd &amp#27;[0m&amp#27;[32mthe error message contains &amp#27;[0m&amp#27;[32m&amp#27;[1m"Product not found in order"&amp#27;[0m                           &amp#27;[90m# fr.carla.shop.bdd.OnlineShopStepDefinitions.theErrorMessageContains(java.lang.String)&amp#27;[0m
]]></system-out>
  </testcase>
  <testcase name="Remove product fails when order does not exist" classname="Remove product from order" time="0.009">
    <system-out><![CDATA[
Scenario: Remove product fails when order does not exist    &amp#27;[90m# features/remove_from_order.feature:26&amp#27;[0m
  &amp#27;[32mGiven &amp#27;[0m&amp#27;[32morder &amp#27;[0m&amp#27;[32m&amp#27;[1m"UNKNOWN"&amp#27;[0m&amp#27;[32m does not exist&amp#27;[0m                      &amp#27;[90m# fr.carla.shop.bdd.OnlineShopStepDefinitions.orderDoesNotExist(java.lang.String)&amp#27;[0m
  &amp#27;[32mWhen &amp#27;[0m&amp#27;[32mthe user removes product &amp#27;[0m&amp#27;[32m&amp#27;[1m"P001"&amp#27;[0m&amp#27;[32m from order &amp#27;[0m&amp#27;[32m&amp#27;[1m"UNKNOWN"&amp#27;[0m &amp#27;[90m# fr.carla.shop.bdd.OnlineShopStepDefinitions.theUserRemovesProductFromOrder(java.lang.String,java.lang.String)&amp#27;[0m
  &amp#27;[32mThen &amp#27;[0m&amp#27;[32man error is returned&amp#27;[0m                                 &amp#27;[90m# fr.carla.shop.bdd.OnlineShopStepDefinitions.anErrorIsReturned()&amp#27;[0m
  &amp#27;[32mAnd &amp#27;[0m&amp#27;[32mthe error message contains &amp#27;[0m&amp#27;[32m&amp#27;[1m"Order not found"&amp#27;[0m          &amp#27;[90m# fr.carla.shop.bdd.OnlineShopStepDefinitions.theErrorMessageContains(java.lang.String)&amp#27;[0m
]]></system-out>
  </testcase>
</testsuite>